[0.011s] Invoking command in '/home/gsq/AV-F1TENTH-Labs/lab3_ws/build/wall_follow': CMAKE_PREFIX_PATH=${CMAKE_PREFIX_PATH}:/home/gsq/AV-F1TENTH-Labs/sim_ws/install/f1tenth_gym_ros:/opt/ros/humble /usr/bin/cmake --build /home/gsq/AV-F1TENTH-Labs/lab3_ws/build/wall_follow -- -j12 -l12
[0.047s] [35m[1mConsolidate compiler generated dependencies of target wall_follow_node[0m
[0.064s] [ 50%] [32mBuilding CXX object CMakeFiles/wall_follow_node.dir/src/wall_follow_node.cpp.o[0m
[7.421s] [100%] [32m[1mLinking CXX executable wall_follow_node[0m
[7.851s] [100%] Built target wall_follow_node
[7.860s] Invoked command in '/home/gsq/AV-F1TENTH-Labs/lab3_ws/build/wall_follow' returned '0': CMAKE_PREFIX_PATH=${CMAKE_PREFIX_PATH}:/home/gsq/AV-F1TENTH-Labs/sim_ws/install/f1tenth_gym_ros:/opt/ros/humble /usr/bin/cmake --build /home/gsq/AV-F1TENTH-Labs/lab3_ws/build/wall_follow -- -j12 -l12
[7.891s] Invoking command in '/home/gsq/AV-F1TENTH-Labs/lab3_ws/build/wall_follow': CMAKE_PREFIX_PATH=${CMAKE_PREFIX_PATH}:/home/gsq/AV-F1TENTH-Labs/sim_ws/install/f1tenth_gym_ros:/opt/ros/humble /usr/bin/cmake --install /home/gsq/AV-F1TENTH-Labs/lab3_ws/build/wall_follow
[7.897s] -- Install configuration: ""
[7.899s] -- Installing: /home/gsq/AV-F1TENTH-Labs/lab3_ws/install/wall_follow/lib/wall_follow/wall_follow_node
[7.903s] -- Set runtime path of "/home/gsq/AV-F1TENTH-Labs/lab3_ws/install/wall_follow/lib/wall_follow/wall_follow_node" to ""
[7.904s] -- Up-to-date: /home/gsq/AV-F1TENTH-Labs/lab3_ws/install/wall_follow/share/wall_follow//launch
[7.904s] -- Up-to-date: /home/gsq/AV-F1TENTH-Labs/lab3_ws/install/wall_follow/share/wall_follow//launch/lab3_launch.py
[7.904s] -- Up-to-date: /home/gsq/AV-F1TENTH-Labs/lab3_ws/install/wall_follow/share/ament_index/resource_index/package_run_dependencies/wall_follow
[7.904s] -- Up-to-date: /home/gsq/AV-F1TENTH-Labs/lab3_ws/install/wall_follow/share/ament_index/resource_index/parent_prefix_path/wall_follow
[7.904s] -- Up-to-date: /home/gsq/AV-F1TENTH-Labs/lab3_ws/install/wall_follow/share/wall_follow/environment/ament_prefix_path.sh
[7.904s] -- Up-to-date: /home/gsq/AV-F1TENTH-Labs/lab3_ws/install/wall_follow/share/wall_follow/environment/ament_prefix_path.dsv
[7.904s] -- Up-to-date: /home/gsq/AV-F1TENTH-Labs/lab3_ws/install/wall_follow/share/wall_follow/environment/path.sh
[7.904s] -- Up-to-date: /home/gsq/AV-F1TENTH-Labs/lab3_ws/install/wall_follow/share/wall_follow/environment/path.dsv
[7.904s] -- Up-to-date: /home/gsq/AV-F1TENTH-Labs/lab3_ws/install/wall_follow/share/wall_follow/local_setup.bash
[7.904s] -- Up-to-date: /home/gsq/AV-F1TENTH-Labs/lab3_ws/install/wall_follow/share/wall_follow/local_setup.sh
[7.904s] -- Up-to-date: /home/gsq/AV-F1TENTH-Labs/lab3_ws/install/wall_follow/share/wall_follow/local_setup.zsh
[7.905s] -- Up-to-date: /home/gsq/AV-F1TENTH-Labs/lab3_ws/install/wall_follow/share/wall_follow/local_setup.dsv
[7.905s] -- Installing: /home/gsq/AV-F1TENTH-Labs/lab3_ws/install/wall_follow/share/wall_follow/package.dsv
[7.905s] -- Up-to-date: /home/gsq/AV-F1TENTH-Labs/lab3_ws/install/wall_follow/share/ament_index/resource_index/packages/wall_follow
[7.905s] -- Up-to-date: /home/gsq/AV-F1TENTH-Labs/lab3_ws/install/wall_follow/share/wall_follow/cmake/wall_followConfig.cmake
[7.905s] -- Up-to-date: /home/gsq/AV-F1TENTH-Labs/lab3_ws/install/wall_follow/share/wall_follow/cmake/wall_followConfig-version.cmake
[7.905s] -- Up-to-date: /home/gsq/AV-F1TENTH-Labs/lab3_ws/install/wall_follow/share/wall_follow/package.xml
[7.906s] Invoked command in '/home/gsq/AV-F1TENTH-Labs/lab3_ws/build/wall_follow' returned '0': CMAKE_PREFIX_PATH=${CMAKE_PREFIX_PATH}:/home/gsq/AV-F1TENTH-Labs/sim_ws/install/f1tenth_gym_ros:/opt/ros/humble /usr/bin/cmake --install /home/gsq/AV-F1TENTH-Labs/lab3_ws/build/wall_follow
