[0.271s] DEBUG:colcon:Command line arguments: ['/usr/bin/colcon', 'build']
[0.271s] DEBUG:colcon:Parsed command line arguments: Namespace(log_base=None, log_level=None, verb_name='build', build_base='build', install_base='install', merge_install=False, symlink_install=False, test_result_base=None, continue_on_error=False, executor='parallel', parallel_workers=12, event_handlers=None, ignore_user_meta=False, metas=['./colcon.meta'], base_paths=['.'], packages_ignore=None, packages_ignore_regex=None, paths=None, packages_up_to=None, packages_up_to_regex=None, packages_above=None, packages_above_and_dependencies=None, packages_above_depth=None, packages_select_by_dep=None, packages_skip_by_dep=None, packages_skip_up_to=None, packages_select_build_failed=False, packages_skip_build_finished=False, packages_select_test_failures=False, packages_skip_test_passed=False, packages_select=None, packages_skip=None, packages_select_regex=None, packages_skip_regex=None, packages_start=None, packages_end=None, allow_overriding=[], cmake_args=None, cmake_target=None, cmake_target_skip_unavailable=False, cmake_clean_cache=False, cmake_clean_first=False, cmake_force_configure=False, ament_cmake_args=None, catkin_cmake_args=None, catkin_skip_building_tests=False, mixin_files=None, mixin=None, verb_parser=<colcon_mixin.mixin.mixin_argument.MixinArgumentDecorator object at 0x7982b9f4db40>, verb_extension=<colcon_core.verb.build.BuildVerb object at 0x7982b9f4d630>, main=<bound method BuildVerb.main of <colcon_core.verb.build.BuildVerb object at 0x7982b9f4d630>>, mixin_verb=('build',))
[0.528s] Level 1:colcon.colcon_core.package_discovery:discover_packages(colcon_meta) check parameters
[0.528s] Level 1:colcon.colcon_core.package_discovery:discover_packages(recursive) check parameters
[0.528s] Level 1:colcon.colcon_core.package_discovery:discover_packages(ignore) check parameters
[0.528s] Level 1:colcon.colcon_core.package_discovery:discover_packages(path) check parameters
[0.528s] Level 1:colcon.colcon_core.package_discovery:discover_packages(colcon_meta) discover
[0.528s] Level 1:colcon.colcon_core.package_discovery:discover_packages(recursive) discover
[0.528s] INFO:colcon.colcon_core.package_discovery:Crawling recursively for packages in '/home/gsq/AV-F1TENTH-Labs/lab3_ws'
[0.528s] Level 1:colcon.colcon_core.package_identification:_identify(.) by extensions ['ignore', 'ignore_ament_install']
[0.528s] Level 1:colcon.colcon_core.package_identification:_identify(.) by extension 'ignore'
[0.528s] Level 1:colcon.colcon_core.package_identification:_identify(.) by extension 'ignore_ament_install'
[0.528s] Level 1:colcon.colcon_core.package_identification:_identify(.) by extensions ['colcon_pkg']
[0.528s] Level 1:colcon.colcon_core.package_identification:_identify(.) by extension 'colcon_pkg'
[0.529s] Level 1:colcon.colcon_core.package_identification:_identify(.) by extensions ['colcon_meta']
[0.529s] Level 1:colcon.colcon_core.package_identification:_identify(.) by extension 'colcon_meta'
[0.529s] Level 1:colcon.colcon_core.package_identification:_identify(.) by extensions ['ros']
[0.529s] Level 1:colcon.colcon_core.package_identification:_identify(.) by extension 'ros'
[0.539s] Level 1:colcon.colcon_core.package_identification:_identify(.) by extensions ['cmake', 'python']
[0.539s] Level 1:colcon.colcon_core.package_identification:_identify(.) by extension 'cmake'
[0.539s] Level 1:colcon.colcon_core.package_identification:_identify(.) by extension 'python'
[0.539s] Level 1:colcon.colcon_core.package_identification:_identify(.) by extensions ['python_setup_py']
[0.539s] Level 1:colcon.colcon_core.package_identification:_identify(.) by extension 'python_setup_py'
[0.540s] Level 1:colcon.colcon_core.package_identification:_identify(Lecture 4 - Laplace Domain Dynamics & PID — F1TENTH - Learn latest documentation_files) by extensions ['ignore', 'ignore_ament_install']
[0.540s] Level 1:colcon.colcon_core.package_identification:_identify(Lecture 4 - Laplace Domain Dynamics & PID — F1TENTH - Learn latest documentation_files) by extension 'ignore'
[0.540s] Level 1:colcon.colcon_core.package_identification:_identify(Lecture 4 - Laplace Domain Dynamics & PID — F1TENTH - Learn latest documentation_files) by extension 'ignore_ament_install'
[0.540s] Level 1:colcon.colcon_core.package_identification:_identify(Lecture 4 - Laplace Domain Dynamics & PID — F1TENTH - Learn latest documentation_files) by extensions ['colcon_pkg']
[0.540s] Level 1:colcon.colcon_core.package_identification:_identify(Lecture 4 - Laplace Domain Dynamics & PID — F1TENTH - Learn latest documentation_files) by extension 'colcon_pkg'
[0.540s] Level 1:colcon.colcon_core.package_identification:_identify(Lecture 4 - Laplace Domain Dynamics & PID — F1TENTH - Learn latest documentation_files) by extensions ['colcon_meta']
[0.540s] Level 1:colcon.colcon_core.package_identification:_identify(Lecture 4 - Laplace Domain Dynamics & PID — F1TENTH - Learn latest documentation_files) by extension 'colcon_meta'
[0.540s] Level 1:colcon.colcon_core.package_identification:_identify(Lecture 4 - Laplace Domain Dynamics & PID — F1TENTH - Learn latest documentation_files) by extensions ['ros']
[0.540s] Level 1:colcon.colcon_core.package_identification:_identify(Lecture 4 - Laplace Domain Dynamics & PID — F1TENTH - Learn latest documentation_files) by extension 'ros'
[0.540s] Level 1:colcon.colcon_core.package_identification:_identify(Lecture 4 - Laplace Domain Dynamics & PID — F1TENTH - Learn latest documentation_files) by extensions ['cmake', 'python']
[0.540s] Level 1:colcon.colcon_core.package_identification:_identify(Lecture 4 - Laplace Domain Dynamics & PID — F1TENTH - Learn latest documentation_files) by extension 'cmake'
[0.540s] Level 1:colcon.colcon_core.package_identification:_identify(Lecture 4 - Laplace Domain Dynamics & PID — F1TENTH - Learn latest documentation_files) by extension 'python'
[0.540s] Level 1:colcon.colcon_core.package_identification:_identify(Lecture 4 - Laplace Domain Dynamics & PID — F1TENTH - Learn latest documentation_files) by extensions ['python_setup_py']
[0.540s] Level 1:colcon.colcon_core.package_identification:_identify(Lecture 4 - Laplace Domain Dynamics & PID — F1TENTH - Learn latest documentation_files) by extension 'python_setup_py'
[0.540s] Level 1:colcon.colcon_core.package_identification:_identify(Lecture 4 - Laplace Domain Dynamics & PID — F1TENTH - Learn latest documentation_files/embed_data) by extensions ['ignore', 'ignore_ament_install']
[0.540s] Level 1:colcon.colcon_core.package_identification:_identify(Lecture 4 - Laplace Domain Dynamics & PID — F1TENTH - Learn latest documentation_files/embed_data) by extension 'ignore'
[0.540s] Level 1:colcon.colcon_core.package_identification:_identify(Lecture 4 - Laplace Domain Dynamics & PID — F1TENTH - Learn latest documentation_files/embed_data) by extension 'ignore_ament_install'
[0.541s] Level 1:colcon.colcon_core.package_identification:_identify(Lecture 4 - Laplace Domain Dynamics & PID — F1TENTH - Learn latest documentation_files/embed_data) by extensions ['colcon_pkg']
[0.541s] Level 1:colcon.colcon_core.package_identification:_identify(Lecture 4 - Laplace Domain Dynamics & PID — F1TENTH - Learn latest documentation_files/embed_data) by extension 'colcon_pkg'
[0.541s] Level 1:colcon.colcon_core.package_identification:_identify(Lecture 4 - Laplace Domain Dynamics & PID — F1TENTH - Learn latest documentation_files/embed_data) by extensions ['colcon_meta']
[0.541s] Level 1:colcon.colcon_core.package_identification:_identify(Lecture 4 - Laplace Domain Dynamics & PID — F1TENTH - Learn latest documentation_files/embed_data) by extension 'colcon_meta'
[0.541s] Level 1:colcon.colcon_core.package_identification:_identify(Lecture 4 - Laplace Domain Dynamics & PID — F1TENTH - Learn latest documentation_files/embed_data) by extensions ['ros']
[0.541s] Level 1:colcon.colcon_core.package_identification:_identify(Lecture 4 - Laplace Domain Dynamics & PID — F1TENTH - Learn latest documentation_files/embed_data) by extension 'ros'
[0.541s] Level 1:colcon.colcon_core.package_identification:_identify(Lecture 4 - Laplace Domain Dynamics & PID — F1TENTH - Learn latest documentation_files/embed_data) by extensions ['cmake', 'python']
[0.541s] Level 1:colcon.colcon_core.package_identification:_identify(Lecture 4 - Laplace Domain Dynamics & PID — F1TENTH - Learn latest documentation_files/embed_data) by extension 'cmake'
[0.541s] Level 1:colcon.colcon_core.package_identification:_identify(Lecture 4 - Laplace Domain Dynamics & PID — F1TENTH - Learn latest documentation_files/embed_data) by extension 'python'
[0.541s] Level 1:colcon.colcon_core.package_identification:_identify(Lecture 4 - Laplace Domain Dynamics & PID — F1TENTH - Learn latest documentation_files/embed_data) by extensions ['python_setup_py']
[0.541s] Level 1:colcon.colcon_core.package_identification:_identify(Lecture 4 - Laplace Domain Dynamics & PID — F1TENTH - Learn latest documentation_files/embed_data) by extension 'python_setup_py'
[0.541s] Level 1:colcon.colcon_core.package_identification:_identify(Lecture 4 - Laplace Domain Dynamics & PID — F1TENTH - Learn latest documentation_files/qIpiqhO3ITY_data) by extensions ['ignore', 'ignore_ament_install']
[0.541s] Level 1:colcon.colcon_core.package_identification:_identify(Lecture 4 - Laplace Domain Dynamics & PID — F1TENTH - Learn latest documentation_files/qIpiqhO3ITY_data) by extension 'ignore'
[0.541s] Level 1:colcon.colcon_core.package_identification:_identify(Lecture 4 - Laplace Domain Dynamics & PID — F1TENTH - Learn latest documentation_files/qIpiqhO3ITY_data) by extension 'ignore_ament_install'
[0.541s] Level 1:colcon.colcon_core.package_identification:_identify(Lecture 4 - Laplace Domain Dynamics & PID — F1TENTH - Learn latest documentation_files/qIpiqhO3ITY_data) by extensions ['colcon_pkg']
[0.541s] Level 1:colcon.colcon_core.package_identification:_identify(Lecture 4 - Laplace Domain Dynamics & PID — F1TENTH - Learn latest documentation_files/qIpiqhO3ITY_data) by extension 'colcon_pkg'
[0.541s] Level 1:colcon.colcon_core.package_identification:_identify(Lecture 4 - Laplace Domain Dynamics & PID — F1TENTH - Learn latest documentation_files/qIpiqhO3ITY_data) by extensions ['colcon_meta']
[0.541s] Level 1:colcon.colcon_core.package_identification:_identify(Lecture 4 - Laplace Domain Dynamics & PID — F1TENTH - Learn latest documentation_files/qIpiqhO3ITY_data) by extension 'colcon_meta'
[0.541s] Level 1:colcon.colcon_core.package_identification:_identify(Lecture 4 - Laplace Domain Dynamics & PID — F1TENTH - Learn latest documentation_files/qIpiqhO3ITY_data) by extensions ['ros']
[0.542s] Level 1:colcon.colcon_core.package_identification:_identify(Lecture 4 - Laplace Domain Dynamics & PID — F1TENTH - Learn latest documentation_files/qIpiqhO3ITY_data) by extension 'ros'
[0.542s] Level 1:colcon.colcon_core.package_identification:_identify(Lecture 4 - Laplace Domain Dynamics & PID — F1TENTH - Learn latest documentation_files/qIpiqhO3ITY_data) by extensions ['cmake', 'python']
[0.542s] Level 1:colcon.colcon_core.package_identification:_identify(Lecture 4 - Laplace Domain Dynamics & PID — F1TENTH - Learn latest documentation_files/qIpiqhO3ITY_data) by extension 'cmake'
[0.542s] Level 1:colcon.colcon_core.package_identification:_identify(Lecture 4 - Laplace Domain Dynamics & PID — F1TENTH - Learn latest documentation_files/qIpiqhO3ITY_data) by extension 'python'
[0.542s] Level 1:colcon.colcon_core.package_identification:_identify(Lecture 4 - Laplace Domain Dynamics & PID — F1TENTH - Learn latest documentation_files/qIpiqhO3ITY_data) by extensions ['python_setup_py']
[0.542s] Level 1:colcon.colcon_core.package_identification:_identify(Lecture 4 - Laplace Domain Dynamics & PID — F1TENTH - Learn latest documentation_files/qIpiqhO3ITY_data) by extension 'python_setup_py'
[0.542s] Level 1:colcon.colcon_core.package_identification:_identify(build) by extensions ['ignore', 'ignore_ament_install']
[0.542s] Level 1:colcon.colcon_core.package_identification:_identify(build) by extension 'ignore'
[0.542s] Level 1:colcon.colcon_core.package_identification:_identify(build) ignored
[0.542s] Level 1:colcon.colcon_core.package_identification:_identify(install) by extensions ['ignore', 'ignore_ament_install']
[0.542s] Level 1:colcon.colcon_core.package_identification:_identify(install) by extension 'ignore'
[0.542s] Level 1:colcon.colcon_core.package_identification:_identify(install) ignored
[0.542s] Level 1:colcon.colcon_core.package_identification:_identify(log) by extensions ['ignore', 'ignore_ament_install']
[0.543s] Level 1:colcon.colcon_core.package_identification:_identify(log) by extension 'ignore'
[0.543s] Level 1:colcon.colcon_core.package_identification:_identify(log) ignored
[0.543s] Level 1:colcon.colcon_core.package_identification:_identify(src) by extensions ['ignore', 'ignore_ament_install']
[0.543s] Level 1:colcon.colcon_core.package_identification:_identify(src) by extension 'ignore'
[0.543s] Level 1:colcon.colcon_core.package_identification:_identify(src) by extension 'ignore_ament_install'
[0.543s] Level 1:colcon.colcon_core.package_identification:_identify(src) by extensions ['colcon_pkg']
[0.543s] Level 1:colcon.colcon_core.package_identification:_identify(src) by extension 'colcon_pkg'
[0.543s] Level 1:colcon.colcon_core.package_identification:_identify(src) by extensions ['colcon_meta']
[0.543s] Level 1:colcon.colcon_core.package_identification:_identify(src) by extension 'colcon_meta'
[0.543s] Level 1:colcon.colcon_core.package_identification:_identify(src) by extensions ['ros']
[0.543s] Level 1:colcon.colcon_core.package_identification:_identify(src) by extension 'ros'
[0.543s] Level 1:colcon.colcon_core.package_identification:_identify(src) by extensions ['cmake', 'python']
[0.543s] Level 1:colcon.colcon_core.package_identification:_identify(src) by extension 'cmake'
[0.543s] Level 1:colcon.colcon_core.package_identification:_identify(src) by extension 'python'
[0.543s] Level 1:colcon.colcon_core.package_identification:_identify(src) by extensions ['python_setup_py']
[0.543s] Level 1:colcon.colcon_core.package_identification:_identify(src) by extension 'python_setup_py'
[0.543s] Level 1:colcon.colcon_core.package_identification:_identify(src/wall_follow_node) by extensions ['ignore', 'ignore_ament_install']
[0.543s] Level 1:colcon.colcon_core.package_identification:_identify(src/wall_follow_node) by extension 'ignore'
[0.543s] Level 1:colcon.colcon_core.package_identification:_identify(src/wall_follow_node) by extension 'ignore_ament_install'
[0.544s] Level 1:colcon.colcon_core.package_identification:_identify(src/wall_follow_node) by extensions ['colcon_pkg']
[0.544s] Level 1:colcon.colcon_core.package_identification:_identify(src/wall_follow_node) by extension 'colcon_pkg'
[0.544s] Level 1:colcon.colcon_core.package_identification:_identify(src/wall_follow_node) by extensions ['colcon_meta']
[0.544s] Level 1:colcon.colcon_core.package_identification:_identify(src/wall_follow_node) by extension 'colcon_meta'
[0.544s] Level 1:colcon.colcon_core.package_identification:_identify(src/wall_follow_node) by extensions ['ros']
[0.544s] Level 1:colcon.colcon_core.package_identification:_identify(src/wall_follow_node) by extension 'ros'
[0.547s] DEBUG:colcon.colcon_core.package_identification:Package 'src/wall_follow_node' with type 'ros.ament_cmake' and name 'wall_follow'
[0.547s] Level 1:colcon.colcon_core.package_discovery:discover_packages(recursive) using defaults
[0.547s] Level 1:colcon.colcon_core.package_discovery:discover_packages(ignore) discover
[0.547s] Level 1:colcon.colcon_core.package_discovery:discover_packages(ignore) using defaults
[0.547s] Level 1:colcon.colcon_core.package_discovery:discover_packages(path) discover
[0.547s] Level 1:colcon.colcon_core.package_discovery:discover_packages(path) using defaults
[0.572s] Level 1:colcon.colcon_core.package_discovery:discover_packages(prefix_path) check parameters
[0.572s] Level 1:colcon.colcon_core.package_discovery:discover_packages(prefix_path) discover
[0.574s] DEBUG:colcon.colcon_installed_package_information.package_discovery:Found 1 installed packages in /home/gsq/AV-F1TENTH-Labs/lab3_ws/install
[0.576s] DEBUG:colcon.colcon_installed_package_information.package_discovery:Found 282 installed packages in /opt/ros/humble
[0.583s] Level 1:colcon.colcon_core.package_discovery:discover_packages(prefix_path) using defaults
[0.616s] Level 5:colcon.colcon_core.verb:set package 'wall_follow' build argument 'cmake_args' from command line to 'None'
[0.616s] Level 5:colcon.colcon_core.verb:set package 'wall_follow' build argument 'cmake_target' from command line to 'None'
[0.616s] Level 5:colcon.colcon_core.verb:set package 'wall_follow' build argument 'cmake_target_skip_unavailable' from command line to 'False'
[0.616s] Level 5:colcon.colcon_core.verb:set package 'wall_follow' build argument 'cmake_clean_cache' from command line to 'False'
[0.616s] Level 5:colcon.colcon_core.verb:set package 'wall_follow' build argument 'cmake_clean_first' from command line to 'False'
[0.616s] Level 5:colcon.colcon_core.verb:set package 'wall_follow' build argument 'cmake_force_configure' from command line to 'False'
[0.616s] Level 5:colcon.colcon_core.verb:set package 'wall_follow' build argument 'ament_cmake_args' from command line to 'None'
[0.616s] Level 5:colcon.colcon_core.verb:set package 'wall_follow' build argument 'catkin_cmake_args' from command line to 'None'
[0.616s] Level 5:colcon.colcon_core.verb:set package 'wall_follow' build argument 'catkin_skip_building_tests' from command line to 'False'
[0.616s] DEBUG:colcon.colcon_core.verb:Building package 'wall_follow' with the following arguments: {'ament_cmake_args': None, 'build_base': '/home/gsq/AV-F1TENTH-Labs/lab3_ws/build/wall_follow', 'catkin_cmake_args': None, 'catkin_skip_building_tests': False, 'cmake_args': None, 'cmake_clean_cache': False, 'cmake_clean_first': False, 'cmake_force_configure': False, 'cmake_target': None, 'cmake_target_skip_unavailable': False, 'install_base': '/home/gsq/AV-F1TENTH-Labs/lab3_ws/install/wall_follow', 'merge_install': False, 'path': '/home/gsq/AV-F1TENTH-Labs/lab3_ws/src/wall_follow_node', 'symlink_install': False, 'test_result_base': None}
[0.617s] INFO:colcon.colcon_core.executor:Executing jobs using 'parallel' executor
[0.617s] DEBUG:colcon.colcon_parallel_executor.executor.parallel:run_until_complete
[0.618s] INFO:colcon.colcon_ros.task.ament_cmake.build:Building ROS package in '/home/gsq/AV-F1TENTH-Labs/lab3_ws/src/wall_follow_node' with build type 'ament_cmake'
[0.618s] INFO:colcon.colcon_cmake.task.cmake.build:Building CMake package in '/home/gsq/AV-F1TENTH-Labs/lab3_ws/src/wall_follow_node'
[0.622s] INFO:colcon.colcon_core.plugin_system:Skipping extension 'colcon_core.shell.bat': Not used on non-Windows systems
[0.622s] INFO:colcon.colcon_core.shell:Skip shell extension 'powershell' for command environment: Not usable outside of PowerShell
[0.622s] DEBUG:colcon.colcon_core.shell:Skip shell extension 'dsv' for command environment
[0.630s] DEBUG:colcon.colcon_core.event_handler.log_command:Invoking command in '/home/gsq/AV-F1TENTH-Labs/lab3_ws/build/wall_follow': CMAKE_PREFIX_PATH=${CMAKE_PREFIX_PATH}:/opt/ros/humble /usr/bin/cmake --build /home/gsq/AV-F1TENTH-Labs/lab3_ws/build/wall_follow -- -j12 -l12
[8.345s] DEBUG:colcon.colcon_core.event_handler.log_command:Invoked command in '/home/gsq/AV-F1TENTH-Labs/lab3_ws/build/wall_follow' returned '0': CMAKE_PREFIX_PATH=${CMAKE_PREFIX_PATH}:/opt/ros/humble /usr/bin/cmake --build /home/gsq/AV-F1TENTH-Labs/lab3_ws/build/wall_follow -- -j12 -l12
[8.376s] DEBUG:colcon.colcon_core.event_handler.log_command:Invoking command in '/home/gsq/AV-F1TENTH-Labs/lab3_ws/build/wall_follow': CMAKE_PREFIX_PATH=${CMAKE_PREFIX_PATH}:/opt/ros/humble /usr/bin/cmake --install /home/gsq/AV-F1TENTH-Labs/lab3_ws/build/wall_follow
[8.390s] Level 1:colcon.colcon_core.environment:create_environment_scripts_only(wall_follow)
[8.390s] DEBUG:colcon.colcon_core.event_handler.log_command:Invoked command in '/home/gsq/AV-F1TENTH-Labs/lab3_ws/build/wall_follow' returned '0': CMAKE_PREFIX_PATH=${CMAKE_PREFIX_PATH}:/opt/ros/humble /usr/bin/cmake --install /home/gsq/AV-F1TENTH-Labs/lab3_ws/build/wall_follow
[8.397s] Level 1:colcon.colcon_core.environment:checking '/home/gsq/AV-F1TENTH-Labs/lab3_ws/install/wall_follow' for CMake module files
[8.397s] Level 1:colcon.colcon_core.environment:checking '/home/gsq/AV-F1TENTH-Labs/lab3_ws/install/wall_follow' for CMake config files
[8.397s] Level 1:colcon.colcon_core.shell:create_environment_hook('wall_follow', 'cmake_prefix_path')
[8.398s] INFO:colcon.colcon_core.shell:Creating environment hook '/home/gsq/AV-F1TENTH-Labs/lab3_ws/install/wall_follow/share/wall_follow/hook/cmake_prefix_path.ps1'
[8.398s] INFO:colcon.colcon_core.shell:Creating environment descriptor '/home/gsq/AV-F1TENTH-Labs/lab3_ws/install/wall_follow/share/wall_follow/hook/cmake_prefix_path.dsv'
[8.399s] INFO:colcon.colcon_core.shell:Creating environment hook '/home/gsq/AV-F1TENTH-Labs/lab3_ws/install/wall_follow/share/wall_follow/hook/cmake_prefix_path.sh'
[8.400s] Level 1:colcon.colcon_core.environment:checking '/home/gsq/AV-F1TENTH-Labs/lab3_ws/install/wall_follow/lib'
[8.400s] Level 1:colcon.colcon_core.environment:checking '/home/gsq/AV-F1TENTH-Labs/lab3_ws/install/wall_follow/bin'
[8.400s] Level 1:colcon.colcon_core.environment:checking '/home/gsq/AV-F1TENTH-Labs/lab3_ws/install/wall_follow/lib/pkgconfig/wall_follow.pc'
[8.400s] Level 1:colcon.colcon_core.environment:checking '/home/gsq/AV-F1TENTH-Labs/lab3_ws/install/wall_follow/lib/python3.10/site-packages'
[8.401s] Level 1:colcon.colcon_core.environment:checking '/home/gsq/AV-F1TENTH-Labs/lab3_ws/install/wall_follow/bin'
[8.401s] INFO:colcon.colcon_core.shell:Creating package script '/home/gsq/AV-F1TENTH-Labs/lab3_ws/install/wall_follow/share/wall_follow/package.ps1'
[8.402s] INFO:colcon.colcon_core.shell:Creating package descriptor '/home/gsq/AV-F1TENTH-Labs/lab3_ws/install/wall_follow/share/wall_follow/package.dsv'
[8.402s] INFO:colcon.colcon_core.shell:Creating package script '/home/gsq/AV-F1TENTH-Labs/lab3_ws/install/wall_follow/share/wall_follow/package.sh'
[8.403s] INFO:colcon.colcon_core.shell:Creating package script '/home/gsq/AV-F1TENTH-Labs/lab3_ws/install/wall_follow/share/wall_follow/package.bash'
[8.404s] INFO:colcon.colcon_core.shell:Creating package script '/home/gsq/AV-F1TENTH-Labs/lab3_ws/install/wall_follow/share/wall_follow/package.zsh'
[8.405s] Level 1:colcon.colcon_core.environment:create_file_with_runtime_dependencies(/home/gsq/AV-F1TENTH-Labs/lab3_ws/install/wall_follow/share/colcon-core/packages/wall_follow)
[8.427s] Level 1:colcon.colcon_core.environment:create_environment_scripts_only(wall_follow)
[8.427s] Level 1:colcon.colcon_core.environment:checking '/home/gsq/AV-F1TENTH-Labs/lab3_ws/install/wall_follow' for CMake module files
[8.427s] Level 1:colcon.colcon_core.environment:checking '/home/gsq/AV-F1TENTH-Labs/lab3_ws/install/wall_follow' for CMake config files
[8.427s] Level 1:colcon.colcon_core.shell:create_environment_hook('wall_follow', 'cmake_prefix_path')
[8.427s] INFO:colcon.colcon_core.shell:Creating environment hook '/home/gsq/AV-F1TENTH-Labs/lab3_ws/install/wall_follow/share/wall_follow/hook/cmake_prefix_path.ps1'
[8.428s] INFO:colcon.colcon_core.shell:Creating environment descriptor '/home/gsq/AV-F1TENTH-Labs/lab3_ws/install/wall_follow/share/wall_follow/hook/cmake_prefix_path.dsv'
[8.428s] INFO:colcon.colcon_core.shell:Creating environment hook '/home/gsq/AV-F1TENTH-Labs/lab3_ws/install/wall_follow/share/wall_follow/hook/cmake_prefix_path.sh'
[8.428s] Level 1:colcon.colcon_core.environment:checking '/home/gsq/AV-F1TENTH-Labs/lab3_ws/install/wall_follow/lib'
[8.429s] Level 1:colcon.colcon_core.environment:checking '/home/gsq/AV-F1TENTH-Labs/lab3_ws/install/wall_follow/bin'
[8.429s] Level 1:colcon.colcon_core.environment:checking '/home/gsq/AV-F1TENTH-Labs/lab3_ws/install/wall_follow/lib/pkgconfig/wall_follow.pc'
[8.429s] Level 1:colcon.colcon_core.environment:checking '/home/gsq/AV-F1TENTH-Labs/lab3_ws/install/wall_follow/lib/python3.10/site-packages'
[8.429s] Level 1:colcon.colcon_core.environment:checking '/home/gsq/AV-F1TENTH-Labs/lab3_ws/install/wall_follow/bin'
[8.429s] INFO:colcon.colcon_core.shell:Creating package script '/home/gsq/AV-F1TENTH-Labs/lab3_ws/install/wall_follow/share/wall_follow/package.ps1'
[8.430s] INFO:colcon.colcon_core.shell:Creating package descriptor '/home/gsq/AV-F1TENTH-Labs/lab3_ws/install/wall_follow/share/wall_follow/package.dsv'
[8.430s] INFO:colcon.colcon_core.shell:Creating package script '/home/gsq/AV-F1TENTH-Labs/lab3_ws/install/wall_follow/share/wall_follow/package.sh'
[8.430s] INFO:colcon.colcon_core.shell:Creating package script '/home/gsq/AV-F1TENTH-Labs/lab3_ws/install/wall_follow/share/wall_follow/package.bash'
[8.431s] INFO:colcon.colcon_core.shell:Creating package script '/home/gsq/AV-F1TENTH-Labs/lab3_ws/install/wall_follow/share/wall_follow/package.zsh'
[8.431s] Level 1:colcon.colcon_core.environment:create_file_with_runtime_dependencies(/home/gsq/AV-F1TENTH-Labs/lab3_ws/install/wall_follow/share/colcon-core/packages/wall_follow)
[8.431s] DEBUG:colcon.colcon_parallel_executor.executor.parallel:closing loop
[8.432s] DEBUG:colcon.colcon_parallel_executor.executor.parallel:loop closed
[8.432s] DEBUG:colcon.colcon_parallel_executor.executor.parallel:run_until_complete finished with '0'
[8.432s] DEBUG:colcon.colcon_core.event_reactor:joining thread
[8.437s] INFO:colcon.colcon_core.plugin_system:Skipping extension 'colcon_notification.desktop_notification.terminal_notifier': Not used on non-Darwin systems
[8.437s] INFO:colcon.colcon_core.plugin_system:Skipping extension 'colcon_notification.desktop_notification.win32': Not used on non-Windows systems
[8.437s] INFO:colcon.colcon_notification.desktop_notification:Sending desktop notification using 'notify2'
[8.451s] DEBUG:colcon.colcon_core.event_reactor:joined thread
[8.451s] INFO:colcon.colcon_core.shell:Creating prefix script '/home/gsq/AV-F1TENTH-Labs/lab3_ws/install/local_setup.ps1'
[8.452s] INFO:colcon.colcon_core.shell:Creating prefix util module '/home/gsq/AV-F1TENTH-Labs/lab3_ws/install/_local_setup_util_ps1.py'
[8.454s] INFO:colcon.colcon_core.shell:Creating prefix chain script '/home/gsq/AV-F1TENTH-Labs/lab3_ws/install/setup.ps1'
[8.455s] INFO:colcon.colcon_core.shell:Creating prefix script '/home/gsq/AV-F1TENTH-Labs/lab3_ws/install/local_setup.sh'
[8.455s] INFO:colcon.colcon_core.shell:Creating prefix util module '/home/gsq/AV-F1TENTH-Labs/lab3_ws/install/_local_setup_util_sh.py'
[8.456s] INFO:colcon.colcon_core.shell:Creating prefix chain script '/home/gsq/AV-F1TENTH-Labs/lab3_ws/install/setup.sh'
[8.457s] INFO:colcon.colcon_core.shell:Creating prefix script '/home/gsq/AV-F1TENTH-Labs/lab3_ws/install/local_setup.bash'
[8.457s] INFO:colcon.colcon_core.shell:Creating prefix chain script '/home/gsq/AV-F1TENTH-Labs/lab3_ws/install/setup.bash'
[8.458s] INFO:colcon.colcon_core.shell:Creating prefix script '/home/gsq/AV-F1TENTH-Labs/lab3_ws/install/local_setup.zsh'
[8.459s] INFO:colcon.colcon_core.shell:Creating prefix chain script '/home/gsq/AV-F1TENTH-Labs/lab3_ws/install/setup.zsh'
